Performing system checks...

June 15, 2018 - 15:15:57
Django version 1.11.5, using settings 'ui.settings'
Starting development server at http://0.0.0.0:3001/
Quit the server with CONTROL-C.
userrrrrrrr 1
seller .... 3
seller id 3
userrrrrrrr 1
userrrrrrrr 1
seller .... 3
seller id 3
seller .... 3
seller id 3
userrrrrrrr 1
userrrrrrrr 1
userrrrrrrr 1
seller .... 3
seller id 3
seller .... 3
seller id 3
seller .... 3
seller id 3
userrrrrrrr 1
seller .... 3
seller id 3
userrrrrrrr 1
userrrrrrrr 1
seller .... 3
seller id 3
seller .... 3
seller id 3
userrrrrrrr 1
userrrrrrrr 1
userrrrrrrr 1
seller .... 3
seller id 3
seller .... 3
seller id 3
seller .... 3
seller id 3
userrrrrrrr 1
seller .... 3
seller id 3
userrrrrrrr 1
seller .... 3
seller id 3
userrrrrrrr 1
seller .... 3
seller id 3
userrrrrrrr 1
userrrrrrrr 1
userrrrrrrr 1
seller .... 3
seller id 3
seller .... 3
seller id 3
seller .... 3
seller id 3
userrrrrrrr 1
seller .... 3
seller id 3
userrrrrrrr 1
seller .... 3
seller id 3
userrrrrrrr 1
seller .... 3
seller id 3
userrrrrrrr 1
userrrrrrrr 1
seller .... 3
seller id 3
userrrrrrrr 1
seller .... 3
seller id 3
seller .... 3
seller id 3
userrrrrrrr 1
userrrrrrrr 1
seller .... 3
seller id 3
seller .... 3
seller id 3
userrrrrrrr 1
seller .... 3
seller id 3
userrrrrrrr 1
userrrrrrrr 1
userrrrrrrr 1
seller .... 3
seller id 3
seller .... 3
seller id 3
seller .... 3
seller id 3
userrrrrrrr 1
userrrrrrrr 1
userrrrrrrr 1
seller .... 3
seller id 3
seller .... 3
seller id 3
seller .... 3
seller id 3
userrrrrrrr 1
seller .... 3
seller id 3
userrrrrrrr 1
userrrrrrrr 1
seller .... 3
seller id 3
seller .... 3
seller id 3
userrrrrrrr 1
seller .... 3
seller id 3
userrrrrrrr 1
seller .... 3
seller id 3
userrrrrrrr 1
seller .... 3
seller id 3
userrrrrrrr 1
seller .... 3
seller id 3
Performing system checks...

June 16, 2018 - 06:33:57
Django version 1.11.5, using settings 'ui.settings'
Starting development server at http://0.0.0.0:3001/
Quit the server with CONTROL-C.
Performing system checks...

June 16, 2018 - 08:11:21
Django version 1.11.5, using settings 'ui.settings'
Starting development server at http://0.0.0.0:3001/
Quit the server with CONTROL-C.
Performing system checks...

June 16, 2018 - 08:25:03
Django version 1.11.5, using settings 'ui.settings'
Starting development server at http://0.0.0.0:3001/
Quit the server with CONTROL-C.
Performing system checks...

June 16, 2018 - 08:33:08
Django version 1.11.5, using settings 'ui.settings'
Starting development server at http://0.0.0.0:3001/
Quit the server with CONTROL-C.
Performing system checks...

June 16, 2018 - 08:33:57
Django version 1.11.5, using settings 'ui.settings'
Starting development server at http://0.0.0.0:3001/
Quit the server with CONTROL-C.
Performing system checks...

June 16, 2018 - 08:43:34
Django version 1.11.5, using settings 'ui.settings'
Starting development server at http://0.0.0.0:3001/
Quit the server with CONTROL-C.
Performing system checks...

June 16, 2018 - 08:58:36
Django version 1.11.5, using settings 'ui.settings'
Starting development server at http://0.0.0.0:3001/
Quit the server with CONTROL-C.
Performing system checks...

June 16, 2018 - 09:01:51
Django version 1.11.5, using settings 'ui.settings'
Starting development server at http://0.0.0.0:3001/
Quit the server with CONTROL-C.
Performing system checks...

Performing system checks...

June 16, 2018 - 09:17:07
Django version 1.11.5, using settings 'ui.settings'
Starting development server at http://0.0.0.0:3001/
Quit the server with CONTROL-C.
Performing system checks...

June 16, 2018 - 09:22:42
Django version 1.11.5, using settings 'ui.settings'
Starting development server at http://0.0.0.0:3001/
Quit the server with CONTROL-C.
Performing system checks...

June 16, 2018 - 09:35:08
Django version 1.11.5, using settings 'ui.settings'
Starting development server at http://0.0.0.0:3001/
Quit the server with CONTROL-C.
Performing system checks...

June 16, 2018 - 09:35:12
Django version 1.11.5, using settings 'ui.settings'
Starting development server at http://0.0.0.0:3001/
Quit the server with CONTROL-C.
Performing system checks...

June 16, 2018 - 09:41:13
Django version 1.11.5, using settings 'ui.settings'
Starting development server at http://0.0.0.0:3001/
Quit the server with CONTROL-C.
Performing system checks...

June 16, 2018 - 09:59:51
Django version 1.11.5, using settings 'ui.settings'
Starting development server at http://0.0.0.0:3001/
Quit the server with CONTROL-C.
Performing system checks...

June 16, 2018 - 10:01:08
Django version 1.11.5, using settings 'ui.settings'
Starting development server at http://0.0.0.0:3001/
Quit the server with CONTROL-C.
Performing system checks...

Performing system checks...

June 16, 2018 - 10:39:39
Django version 1.11.5, using settings 'ui.settings'
Starting development server at http://0.0.0.0:3001/
Quit the server with CONTROL-C.
Performing system checks...

June 16, 2018 - 10:44:57
Django version 1.11.5, using settings 'ui.settings'
Starting development server at http://0.0.0.0:3001/
Quit the server with CONTROL-C.
Performing system checks...

June 16, 2018 - 10:48:44
Django version 1.11.5, using settings 'ui.settings'
Starting development server at http://0.0.0.0:3001/
Quit the server with CONTROL-C.
Performing system checks...

Performing system checks...

June 16, 2018 - 10:59:28
Django version 1.11.5, using settings 'ui.settings'
Starting development server at http://0.0.0.0:3001/
Quit the server with CONTROL-C.
Performing system checks...

June 16, 2018 - 11:44:43
Django version 1.11.5, using settings 'ui.settings'
Starting development server at http://0.0.0.0:3001/
Quit the server with CONTROL-C.
Performing system checks...

Performing system checks...

June 16, 2018 - 12:17:50
Django version 1.11.5, using settings 'ui.settings'
Starting development server at http://0.0.0.0:3001/
Quit the server with CONTROL-C.
userrrrrrrr 1
seller .... 3
userrrrrrrr 1
seller .... 3
userrrrrrrr 1
seller .... 3
seller id 3
userrrrrrrr 1
seller .... 3
seller id 3
userrrrrrrr 1
seller .... 3
seller id 3
userrrrrrrr 1
seller .... 3
seller id 3
userrrrrrrr 1
seller .... 3
seller id 3
userrrrrrrr 1
seller .... 3
seller id 3
Performing system checks...

June 18, 2018 - 05:52:12
Django version 1.11.5, using settings 'ui.settings'
Starting development server at http://0.0.0.0:3001/
Quit the server with CONTROL-C.
Performing system checks...

June 18, 2018 - 05:55:26
Django version 1.11.5, using settings 'ui.settings'
Starting development server at http://0.0.0.0:3001/
Quit the server with CONTROL-C.
