nohup: ignoring input
System check identified some issues:

WARNINGS:
?: (1_8.W001) The standalone TEMPLATE_* settings were deprecated in Django 1.8 and the TEMPLATES dictionary takes precedence. You must put the values of the following settings into your default TEMPLATES dict: TEMPLATE_DEBUG.

System check identified 1 issue (0 silenced).
[19/Jul/2018 07:22:48] "GET / HTTP/1.1" 200 50701
[19/Jul/2018 07:22:49] "GET /static/bower_components/bootstrap/dist/css/bootstrap.min.css HTTP/1.1" 304 0
[19/Jul/2018 07:22:49] "GET /static/bower_components/font-awesome/css/font-awesome.min.css HTTP/1.1" 304 0
[19/Jul/2018 07:22:49] "GET /static/bower_components/themify-icons/themify-icons.css HTTP/1.1" 304 0
[19/Jul/2018 07:22:49] "GET /static/bower_components/flag-icon-css/css/flag-icon.min.css HTTP/1.1" 304 0
[19/Jul/2018 07:22:49] "GET /static/bower_components/animate.css/animate.min.css HTTP/1.1" 304 0
[19/Jul/2018 07:22:49] "GET /static/bower_components/perfect-scrollbar/css/perfect-scrollbar.min.css HTTP/1.1" 304 0
[19/Jul/2018 07:22:49] "GET /static/bower_components/seiyria-bootstrap-slider/dist/css/bootstrap-slider.min.css HTTP/1.1" 304 0
[19/Jul/2018 07:22:49] "GET /static/bower_components/ladda/dist/ladda-themeless.min.css HTTP/1.1" 304 0
[19/Jul/2018 07:22:50] "GET /static/bower_components/slick.js/slick/slick-theme.css HTTP/1.1" 304 0
[19/Jul/2018 07:22:50] "GET /static/bower_components/angular-ui-switch/angular-ui-switch.min.css HTTP/1.1" 304 0
[19/Jul/2018 07:22:50] "GET /static/bower_components/slick.js/slick/slick.css HTTP/1.1" 304 0
[19/Jul/2018 07:22:50] "GET /static/assets/css/styles.css HTTP/1.1" 304 0
[19/Jul/2018 07:22:50] "GET /static/assets/css/plugins.css HTTP/1.1" 304 0
[19/Jul/2018 07:22:50] "GET /static/assets/css/themes/lyt3-theme-1.css HTTP/1.1" 304 0
[19/Jul/2018 07:22:50] "GET /static/bower_components/jquery/dist/jquery.min.js HTTP/1.1" 304 0
[19/Jul/2018 07:22:50] "GET /static/bower_components/angular/angular.min.js HTTP/1.1" 304 0
[19/Jul/2018 07:22:50] "GET /static/bower_components/bootstrap/dist/js/bootstrap.min.js HTTP/1.1" 304 0
[19/Jul/2018 07:22:51] "GET /static/bower_components/js-cookie/src/js.cookie.js HTTP/1.1" 304 0
[19/Jul/2018 07:22:51] "GET /static/bower_components/jquery-fullscreen/jquery.fullscreen-min.js HTTP/1.1" 304 0
[19/Jul/2018 07:22:51] "GET /static/bower_components/jquery.knobe/dist/jquery.knob.min.js HTTP/1.1" 304 0
[19/Jul/2018 07:22:51] "GET /static/bower_components/components-modernizr/modernizr.js HTTP/1.1" 304 0
[19/Jul/2018 07:22:51] "GET /static/bower_components/perfect-scrollbar/js/perfect-scrollbar.jquery.min.js HTTP/1.1" 304 0
[19/Jul/2018 07:22:51] "GET /static/bower_components/seiyria-bootstrap-slider/dist/bootstrap-slider.min.js HTTP/1.1" 304 0
[19/Jul/2018 07:22:52] "GET /static/assets/images/avatar-2.jpg HTTP/1.1" 200 1511
[19/Jul/2018 07:22:52] "GET /static/assets/images/avatar-3.jpg HTTP/1.1" 200 1864
[19/Jul/2018 07:22:52] "GET /static/assets/images/avatar-7.jpg HTTP/1.1" 200 1572
[19/Jul/2018 07:22:52] "GET /static/assets/images/avatar-9.jpg HTTP/1.1" 200 1480
[19/Jul/2018 07:22:52] "GET /static/bower_components/themify-icons/fonts/themify.woff?-fvbane HTTP/1.1" 200 56108
[19/Jul/2018 07:22:52] "GET /static/bower_components/font-awesome/fonts/fontawesome-webfont.woff2?v=4.5.0 HTTP/1.1" 200 66624
[19/Jul/2018 07:22:52] "GET /static/assets/images/avatar-8.jpg HTTP/1.1" 200 1707
[19/Jul/2018 07:22:52] "GET /static/assets/images/avatar-10.jpg HTTP/1.1" 200 1544
[19/Jul/2018 07:22:52] "GET /static/assets/images/avatar-6.jpg HTTP/1.1" 200 1442
[19/Jul/2018 07:22:52] "GET /static/assets/images/avatar-4.jpg HTTP/1.1" 200 1873
[19/Jul/2018 07:22:53] "GET /static/assets/images/avatar-5.jpg HTTP/1.1" 200 1979
[19/Jul/2018 07:22:53] "GET /static/bower_components/slick.js/slick/slick.min.js HTTP/1.1" 304 0
[19/Jul/2018 07:22:53] "GET /static/bower_components/ladda/dist/spin.min.js HTTP/1.1" 304 0
[19/Jul/2018 07:22:53] "GET /static/bower_components/jquery-numerator/jquery-numerator.js HTTP/1.1" 304 0
[19/Jul/2018 07:22:53] "GET /static/bower_components/ladda/dist/ladda.jquery.min.js HTTP/1.1" 200 583
[19/Jul/2018 07:22:53] "GET /static/bower_components/ladda/dist/ladda.min.js HTTP/1.1" 304 0
[19/Jul/2018 07:22:53] "GET /static/bower_components/angular-ui-switch/angular-ui-switch.min.js HTTP/1.1" 200 737
[19/Jul/2018 07:22:54] "GET /static/bower_components/Chart-js/Chart.min.js HTTP/1.1" 304 0
[19/Jul/2018 07:22:54] "GET /static/js/main.js HTTP/1.1" 304 0
[19/Jul/2018 07:22:54] "GET /static/assets/js/letter-icons.js HTTP/1.1" 304 0
[19/Jul/2018 07:22:54] "GET /static/assets/js/main.js?v=11 HTTP/1.1" 304 0
[19/Jul/2018 07:22:54] "GET /static/assets/js/index.js HTTP/1.1" 304 0
[19/Jul/2018 07:22:54] "GET /static/js/search_seller_item.js?v=606 HTTP/1.1" 304 0
[19/Jul/2018 07:22:54] "GET /static/js/add_seller_keyset.js HTTP/1.1" 304 0
[19/Jul/2018 07:22:54] "GET /static/js/pending_items.js HTTP/1.1" 304 0
[19/Jul/2018 07:22:54] "GET /static/js/manual_pending_item_add.js HTTP/1.1" 304 0
[19/Jul/2018 07:22:54] "GET /static/js/profit_calculator.js HTTP/1.1" 304 0
[19/Jul/2018 07:22:54] "GET /static/js/search_seller_report.js HTTP/1.1" 304 0
[19/Jul/2018 07:22:55] "GET /static/js/multi_ebay_account.js HTTP/1.1" 200 6531
[19/Jul/2018 07:22:55] "GET /static/js/account-settings.js HTTP/1.1" 304 0
[19/Jul/2018 07:22:55] "GET /static/assets/images/logo-collapsed2.png HTTP/1.1" 200 428
[19/Jul/2018 07:22:55] "GET /static/assets/images/avatar-1.jpg HTTP/1.1" 200 1355
[19/Jul/2018 07:22:55] "GET /static/assets/images/user-background.png HTTP/1.1" 200 3786
[19/Jul/2018 12:00:02] "GET /add-ebay-all-sellers-items/ HTTP/1.1" 200 4
[19/Jul/2018 12:00:02] "GET /update-all-seller-ebay-items/ HTTP/1.1" 200 38
[19/Jul/2018 18:00:01] "GET /update-all-seller-ebay-items/ HTTP/1.1" 200 38
[20/Jul/2018 00:00:01] "GET /update-all-seller-ebay-items/ HTTP/1.1" 200 38
[20/Jul/2018 00:00:01] "GET /add-ebay-all-sellers-items/ HTTP/1.1" 200 4
[20/Jul/2018 06:00:01] "GET /update-all-seller-ebay-items/ HTTP/1.1" 200 38
[20/Jul/2018 12:00:01] "GET /add-ebay-all-sellers-items/ HTTP/1.1" 200 4
[20/Jul/2018 12:00:01] "GET /update-all-seller-ebay-items/ HTTP/1.1" 200 38
[20/Jul/2018 18:00:02] "GET /update-all-seller-ebay-items/ HTTP/1.1" 200 38
[21/Jul/2018 00:00:01] "GET /add-ebay-all-sellers-items/ HTTP/1.1" 200 4
[21/Jul/2018 00:00:01] "GET /update-all-seller-ebay-items/ HTTP/1.1" 200 38
[21/Jul/2018 06:00:01] "GET /update-all-seller-ebay-items/ HTTP/1.1" 200 38
[21/Jul/2018 12:00:02] "GET /add-ebay-all-sellers-items/ HTTP/1.1" 200 4
[21/Jul/2018 12:00:02] "GET /update-all-seller-ebay-items/ HTTP/1.1" 200 38
[21/Jul/2018 18:00:01] "GET /update-all-seller-ebay-items/ HTTP/1.1" 200 38
[22/Jul/2018 00:00:01] "GET /update-all-seller-ebay-items/ HTTP/1.1" 200 38
[22/Jul/2018 00:00:01] "GET /add-ebay-all-sellers-items/ HTTP/1.1" 200 4
[22/Jul/2018 06:00:01] "GET /update-all-seller-ebay-items/ HTTP/1.1" 200 38
[22/Jul/2018 12:00:02] "GET /add-ebay-all-sellers-items/ HTTP/1.1" 200 4
[22/Jul/2018 12:00:02] "GET /update-all-seller-ebay-items/ HTTP/1.1" 200 38
[22/Jul/2018 18:00:01] "GET /update-all-seller-ebay-items/ HTTP/1.1" 200 38
[23/Jul/2018 00:00:01] "GET /add-ebay-all-sellers-items/ HTTP/1.1" 200 4
[23/Jul/2018 00:00:01] "GET /update-all-seller-ebay-items/ HTTP/1.1" 200 38
[23/Jul/2018 06:00:01] "GET /update-all-seller-ebay-items/ HTTP/1.1" 200 38
[23/Jul/2018 12:00:01] "GET /update-all-seller-ebay-items/ HTTP/1.1" 200 38
[23/Jul/2018 12:00:01] "GET /add-ebay-all-sellers-items/ HTTP/1.1" 200 4
[23/Jul/2018 18:00:01] "GET /update-all-seller-ebay-items/ HTTP/1.1" 200 38
[24/Jul/2018 00:00:01] "GET /update-all-seller-ebay-items/ HTTP/1.1" 200 38
[24/Jul/2018 00:00:01] "GET /add-ebay-all-sellers-items/ HTTP/1.1" 200 4
[24/Jul/2018 06:00:01] "GET /update-all-seller-ebay-items/ HTTP/1.1" 200 38
[24/Jul/2018 12:00:02] "GET /update-all-seller-ebay-items/ HTTP/1.1" 200 38
[24/Jul/2018 12:00:02] "GET /add-ebay-all-sellers-items/ HTTP/1.1" 200 4
[24/Jul/2018 18:00:01] "GET /update-all-seller-ebay-items/ HTTP/1.1" 200 38
[25/Jul/2018 00:00:01] "GET /update-all-seller-ebay-items/ HTTP/1.1" 200 38
[25/Jul/2018 00:00:01] "GET /add-ebay-all-sellers-items/ HTTP/1.1" 200 4
[25/Jul/2018 06:00:01] "GET /update-all-seller-ebay-items/ HTTP/1.1" 200 38
[25/Jul/2018 12:00:01] "GET /update-all-seller-ebay-items/ HTTP/1.1" 200 38
[25/Jul/2018 12:00:01] "GET /add-ebay-all-sellers-items/ HTTP/1.1" 200 4
[25/Jul/2018 18:00:02] "GET /update-all-seller-ebay-items/ HTTP/1.1" 200 38
[26/Jul/2018 00:00:01] "GET /update-all-seller-ebay-items/ HTTP/1.1" 200 38
[26/Jul/2018 00:00:01] "GET /add-ebay-all-sellers-items/ HTTP/1.1" 200 4
[26/Jul/2018 06:00:01] "GET /update-all-seller-ebay-items/ HTTP/1.1" 200 38
